<?xml version="1.0" encoding="UTF-8"?>
<!-- Generated by org.testng.reporters.JUnitReportReporter -->
<testsuite hostname="Amals-MacBook-Pro.local" failures="0" tests="3" name="com.subscribe.tests.Test" time="51.733" errors="0" timestamp="2023-10-01T16:57:28 IST" skipped="0">
  <testcase classname="com.subscribe.tests.Test" name="testKSAPackage" time="6.583"/>
  <system-out/>
  <testcase classname="com.subscribe.tests.Test" name="testBahrainPackage" time="26.279"/>
  <system-out/>
  <testcase classname="com.subscribe.tests.Test" name="testKuwaitPackage" time="18.871"/>
  <system-out/>
</testsuite> <!-- com.subscribe.tests.Test -->
